{"uuid":"e250ee8e-10c3-4fbd-af8a-a26c519adb7e","historyId":"93b9f6afeff90ee088aa5d3f5a5dd0a1","fullName":"com.xe.testcases.ConversionTest.currencyConverionTest","labels":[{"name":"package","value":"com.xe.testcases.ConversionTest"},{"name":"testClass","value":"com.xe.testcases.ConversionTest"},{"name":"testMethod","value":"currencyConverionTest"},{"name":"parentSuite","value":"Currency Conversion Suite"},{"name":"suite","value":"Currency Conversion Test"},{"name":"subSuite","value":"com.xe.testcases.ConversionTest"},{"name":"host","value":"DESKTOP-ESJ8UKI"},{"name":"thread","value":"30172@DESKTOP-ESJ8UKI.main(1)"},{"name":"framework","value":"testng"},{"name":"language","value":"java"},{"name":"story","value":"Story Name: check conversion functionality"},{"name":"severity","value":"critical"}],"links":[],"name":"currencyConverionTest","status":"failed","statusDetails":{"known":false,"muted":false,"flaky":false,"message":"element click intercepted: Element <button style=\"grid-area:buttons\" class=\"button__BaseButton-sc-1qpsalo-0 hXIpFU\">...</button> is not clickable at point (1398, 595). Other element would receive the click: <li id=\"midmarketToCurrency-option-1\" role=\"option\" aria-selected=\"false\" class=\"base-combobox__ListboxOption-sc-iyxb4f-7 gZgNXB\">...</li>\n  (Session info: chrome=120.0.6099.225)\nBuild info: version: '4.17.0', revision: 'e52b1be057*'\nSystem info: os.name: 'Windows 10', os.arch: 'amd64', os.version: '10.0', java.version: '17.0.7'\nDriver info: org.openqa.selenium.chrome.ChromeDriver\nCommand: [375e15dd108e0a7f0136479b265f31df, clickElement {id=0096844E8E1DC3B9FBA9E01BF38E89E4_element_55}]\nCapabilities {acceptInsecureCerts: false, browserName: chrome, browserVersion: 120.0.6099.225, chrome: {chromedriverVersion: 120.0.6099.71 (9729082fe617..., userDataDir: C:\\Users\\udaya\\AppData\\Loca...}, fedcm:accounts: true, goog:chromeOptions: {debuggerAddress: localhost:53417}, networkConnectionEnabled: false, pageLoadStrategy: normal, platformName: windows, proxy: Proxy(), se:cdp: ws://localhost:53417/devtoo..., se:cdpVersion: 120.0.6099.225, setWindowRect: true, strictFileInteractability: false, timeouts: {implicit: 0, pageLoad: 300000, script: 30000}, unhandledPromptBehavior: dismiss and notify, webauthn:extension:credBlob: true, webauthn:extension:largeBlob: true, webauthn:extension:minPinLength: true, webauthn:extension:prf: true, webauthn:virtualAuthenticators: true}\nElement: [[ChromeDriver: chrome on windows (375e15dd108e0a7f0136479b265f31df)] -> xpath: /html/body/div[1]/div[4]/div[2]/section/div[2]/div/main/div/div[2]/div[2]/button]\nSession ID: 375e15dd108e0a7f0136479b265f31df","trace":"java.lang.AssertionError: element click intercepted: Element <button style=\"grid-area:buttons\" class=\"button__BaseButton-sc-1qpsalo-0 hXIpFU\">...</button> is not clickable at point (1398, 595). Other element would receive the click: <li id=\"midmarketToCurrency-option-1\" role=\"option\" aria-selected=\"false\" class=\"base-combobox__ListboxOption-sc-iyxb4f-7 gZgNXB\">...</li>\n  (Session info: chrome=120.0.6099.225)\nBuild info: version: '4.17.0', revision: 'e52b1be057*'\nSystem info: os.name: 'Windows 10', os.arch: 'amd64', os.version: '10.0', java.version: '17.0.7'\nDriver info: org.openqa.selenium.chrome.ChromeDriver\nCommand: [375e15dd108e0a7f0136479b265f31df, clickElement {id=0096844E8E1DC3B9FBA9E01BF38E89E4_element_55}]\nCapabilities {acceptInsecureCerts: false, browserName: chrome, browserVersion: 120.0.6099.225, chrome: {chromedriverVersion: 120.0.6099.71 (9729082fe617..., userDataDir: C:\\Users\\udaya\\AppData\\Loca...}, fedcm:accounts: true, goog:chromeOptions: {debuggerAddress: localhost:53417}, networkConnectionEnabled: false, pageLoadStrategy: normal, platformName: windows, proxy: Proxy(), se:cdp: ws://localhost:53417/devtoo..., se:cdpVersion: 120.0.6099.225, setWindowRect: true, strictFileInteractability: false, timeouts: {implicit: 0, pageLoad: 300000, script: 30000}, unhandledPromptBehavior: dismiss and notify, webauthn:extension:credBlob: true, webauthn:extension:largeBlob: true, webauthn:extension:minPinLength: true, webauthn:extension:prf: true, webauthn:virtualAuthenticators: true}\nElement: [[ChromeDriver: chrome on windows (375e15dd108e0a7f0136479b265f31df)] -> xpath: /html/body/div[1]/div[4]/div[2]/section/div[2]/div/main/div/div[2]/div[2]/button]\nSession ID: 375e15dd108e0a7f0136479b265f31df\r\n\tat org.testng.Assert.fail(Assert.java:110)\r\n\tat com.xe.base.TestBase.click(TestBase.java:152)\r\n\tat com.xe.testcases.ConversionTest.currencyConverionTest(ConversionTest.java:60)\r\n\tat java.base/jdk.internal.reflect.NativeMethodAccessorImpl.invoke0(Native Method)\r\n\tat java.base/jdk.internal.reflect.NativeMethodAccessorImpl.invoke(NativeMethodAccessorImpl.java:77)\r\n\tat java.base/jdk.internal.reflect.DelegatingMethodAccessorImpl.invoke(DelegatingMethodAccessorImpl.java:43)\r\n\tat java.base/java.lang.reflect.Method.invoke(Method.java:568)\r\n\tat org.testng.internal.invokers.MethodInvocationHelper.invokeMethod(MethodInvocationHelper.java:136)\r\n\tat org.testng.internal.invokers.TestInvoker.invokeMethod(TestInvoker.java:658)\r\n\tat org.testng.internal.invokers.TestInvoker.invokeTestMethod(TestInvoker.java:219)\r\n\tat org.testng.internal.invokers.MethodRunner.runInSequence(MethodRunner.java:50)\r\n\tat org.testng.internal.invokers.TestInvoker$MethodInvocationAgent.invoke(TestInvoker.java:923)\r\n\tat org.testng.internal.invokers.TestInvoker.invokeTestMethods(TestInvoker.java:192)\r\n\tat org.testng.internal.invokers.TestMethodWorker.invokeTestMethods(TestMethodWorker.java:146)\r\n\tat org.testng.internal.invokers.TestMethodWorker.run(TestMethodWorker.java:128)\r\n\tat java.base/java.util.ArrayList.forEach(ArrayList.java:1511)\r\n\tat org.testng.TestRunner.privateRun(TestRunner.java:808)\r\n\tat org.testng.TestRunner.run(TestRunner.java:603)\r\n\tat org.testng.SuiteRunner.runTest(SuiteRunner.java:429)\r\n\tat org.testng.SuiteRunner.runSequentially(SuiteRunner.java:423)\r\n\tat org.testng.SuiteRunner.privateRun(SuiteRunner.java:383)\r\n\tat org.testng.SuiteRunner.run(SuiteRunner.java:326)\r\n\tat org.testng.SuiteRunnerWorker.runSuite(SuiteRunnerWorker.java:52)\r\n\tat org.testng.SuiteRunnerWorker.run(SuiteRunnerWorker.java:95)\r\n\tat org.testng.TestNG.runSuitesSequentially(TestNG.java:1249)\r\n\tat org.testng.TestNG.runSuitesLocally(TestNG.java:1169)\r\n\tat org.testng.TestNG.runSuites(TestNG.java:1092)\r\n\tat org.testng.TestNG.run(TestNG.java:1060)\r\n\tat org.testng.remote.AbstractRemoteTestNG.run(AbstractRemoteTestNG.java:115)\r\n\tat org.testng.remote.RemoteTestNG.initAndRun(RemoteTestNG.java:251)\r\n\tat org.testng.remote.RemoteTestNG.main(RemoteTestNG.java:77)\r\n"},"stage":"finished","description":" Test Case Description: Verify Currency Conversion functionality","steps":[{"name":"Performing conversion functionality step...","status":"failed","statusDetails":{"known":false,"muted":false,"flaky":false,"message":"element click intercepted: Element <button style=\"grid-area:buttons\" class=\"button__BaseButton-sc-1qpsalo-0 hXIpFU\">...</button> is not clickable at point (1398, 595). Other element would receive the click: <li id=\"midmarketToCurrency-option-1\" role=\"option\" aria-selected=\"false\" class=\"base-combobox__ListboxOption-sc-iyxb4f-7 gZgNXB\">...</li>\n  (Session info: chrome=120.0.6099.225)\nBuild info: version: '4.17.0', revision: 'e52b1be057*'\nSystem info: os.name: 'Windows 10', os.arch: 'amd64', os.version: '10.0', java.version: '17.0.7'\nDriver info: org.openqa.selenium.chrome.ChromeDriver\nCommand: [375e15dd108e0a7f0136479b265f31df, clickElement {id=0096844E8E1DC3B9FBA9E01BF38E89E4_element_55}]\nCapabilities {acceptInsecureCerts: false, browserName: chrome, browserVersion: 120.0.6099.225, chrome: {chromedriverVersion: 120.0.6099.71 (9729082fe617..., userDataDir: C:\\Users\\udaya\\AppData\\Loca...}, fedcm:accounts: true, goog:chromeOptions: {debuggerAddress: localhost:53417}, networkConnectionEnabled: false, pageLoadStrategy: normal, platformName: windows, proxy: Proxy(), se:cdp: ws://localhost:53417/devtoo..., se:cdpVersion: 120.0.6099.225, setWindowRect: true, strictFileInteractability: false, timeouts: {implicit: 0, pageLoad: 300000, script: 30000}, unhandledPromptBehavior: dismiss and notify, webauthn:extension:credBlob: true, webauthn:extension:largeBlob: true, webauthn:extension:minPinLength: true, webauthn:extension:prf: true, webauthn:virtualAuthenticators: true}\nElement: [[ChromeDriver: chrome on windows (375e15dd108e0a7f0136479b265f31df)] -> xpath: /html/body/div[1]/div[4]/div[2]/section/div[2]/div/main/div/div[2]/div[2]/button]\nSession ID: 375e15dd108e0a7f0136479b265f31df","trace":"java.lang.AssertionError: element click intercepted: Element <button style=\"grid-area:buttons\" class=\"button__BaseButton-sc-1qpsalo-0 hXIpFU\">...</button> is not clickable at point (1398, 595). Other element would receive the click: <li id=\"midmarketToCurrency-option-1\" role=\"option\" aria-selected=\"false\" class=\"base-combobox__ListboxOption-sc-iyxb4f-7 gZgNXB\">...</li>\n  (Session info: chrome=120.0.6099.225)\nBuild info: version: '4.17.0', revision: 'e52b1be057*'\nSystem info: os.name: 'Windows 10', os.arch: 'amd64', os.version: '10.0', java.version: '17.0.7'\nDriver info: org.openqa.selenium.chrome.ChromeDriver\nCommand: [375e15dd108e0a7f0136479b265f31df, clickElement {id=0096844E8E1DC3B9FBA9E01BF38E89E4_element_55}]\nCapabilities {acceptInsecureCerts: false, browserName: chrome, browserVersion: 120.0.6099.225, chrome: {chromedriverVersion: 120.0.6099.71 (9729082fe617..., userDataDir: C:\\Users\\udaya\\AppData\\Loca...}, fedcm:accounts: true, goog:chromeOptions: {debuggerAddress: localhost:53417}, networkConnectionEnabled: false, pageLoadStrategy: normal, platformName: windows, proxy: Proxy(), se:cdp: ws://localhost:53417/devtoo..., se:cdpVersion: 120.0.6099.225, setWindowRect: true, strictFileInteractability: false, timeouts: {implicit: 0, pageLoad: 300000, script: 30000}, unhandledPromptBehavior: dismiss and notify, webauthn:extension:credBlob: true, webauthn:extension:largeBlob: true, webauthn:extension:minPinLength: true, webauthn:extension:prf: true, webauthn:virtualAuthenticators: true}\nElement: [[ChromeDriver: chrome on windows (375e15dd108e0a7f0136479b265f31df)] -> xpath: /html/body/div[1]/div[4]/div[2]/section/div[2]/div/main/div/div[2]/div[2]/button]\nSession ID: 375e15dd108e0a7f0136479b265f31df\r\n\tat org.testng.Assert.fail(Assert.java:110)\r\n\tat com.xe.base.TestBase.click(TestBase.java:152)\r\n\tat com.xe.testcases.ConversionTest.currencyConverionTest(ConversionTest.java:60)\r\n\tat java.base/jdk.internal.reflect.NativeMethodAccessorImpl.invoke0(Native Method)\r\n\tat java.base/jdk.internal.reflect.NativeMethodAccessorImpl.invoke(NativeMethodAccessorImpl.java:77)\r\n\tat java.base/jdk.internal.reflect.DelegatingMethodAccessorImpl.invoke(DelegatingMethodAccessorImpl.java:43)\r\n\tat java.base/java.lang.reflect.Method.invoke(Method.java:568)\r\n\tat org.testng.internal.invokers.MethodInvocationHelper.invokeMethod(MethodInvocationHelper.java:136)\r\n\tat org.testng.internal.invokers.TestInvoker.invokeMethod(TestInvoker.java:658)\r\n\tat org.testng.internal.invokers.TestInvoker.invokeTestMethod(TestInvoker.java:219)\r\n\tat org.testng.internal.invokers.MethodRunner.runInSequence(MethodRunner.java:50)\r\n\tat org.testng.internal.invokers.TestInvoker$MethodInvocationAgent.invoke(TestInvoker.java:923)\r\n\tat org.testng.internal.invokers.TestInvoker.invokeTestMethods(TestInvoker.java:192)\r\n\tat org.testng.internal.invokers.TestMethodWorker.invokeTestMethods(TestMethodWorker.java:146)\r\n\tat org.testng.internal.invokers.TestMethodWorker.run(TestMethodWorker.java:128)\r\n\tat java.base/java.util.ArrayList.forEach(ArrayList.java:1511)\r\n\tat org.testng.TestRunner.privateRun(TestRunner.java:808)\r\n\tat org.testng.TestRunner.run(TestRunner.java:603)\r\n\tat org.testng.SuiteRunner.runTest(SuiteRunner.java:429)\r\n\tat org.testng.SuiteRunner.runSequentially(SuiteRunner.java:423)\r\n\tat org.testng.SuiteRunner.privateRun(SuiteRunner.java:383)\r\n\tat org.testng.SuiteRunner.run(SuiteRunner.java:326)\r\n\tat org.testng.SuiteRunnerWorker.runSuite(SuiteRunnerWorker.java:52)\r\n\tat org.testng.SuiteRunnerWorker.run(SuiteRunnerWorker.java:95)\r\n\tat org.testng.TestNG.runSuitesSequentially(TestNG.java:1249)\r\n\tat org.testng.TestNG.runSuitesLocally(TestNG.java:1169)\r\n\tat org.testng.TestNG.runSuites(TestNG.java:1092)\r\n\tat org.testng.TestNG.run(TestNG.java:1060)\r\n\tat org.testng.remote.AbstractRemoteTestNG.run(AbstractRemoteTestNG.java:115)\r\n\tat org.testng.remote.RemoteTestNG.initAndRun(RemoteTestNG.java:251)\r\n\tat org.testng.remote.RemoteTestNG.main(RemoteTestNG.java:77)\r\n"},"stage":"finished","steps":[],"attachments":[],"parameters":[{"name":"data","value":"{Amount=120.0, From_Currency=EUR, Run_Mode=Y, To_Currency=USD}"}],"start":1706799276224,"stop":1706799279190}],"attachments":[{"name":"Page screenshot","source":"4725939b-c048-470f-a856-ede48a391b83-attachment","type":"image/png"},{"name":"currencyConverionTest failed and screenshot taken!","source":"1402f3d7-85a1-4070-ba50-4db4f4ff380d-attachment","type":"text/plain"}],"parameters":[{"name":"arg0","value":"{Amount=120.0, From_Currency=EUR, Run_Mode=Y, To_Currency=USD}"}],"start":1706799276194,"stop":1706799284715}